{"/Users/rodrigosanchez/Library/Mobile Documents/com~apple~CloudDocs/DUOC/DESARROLLO FRONTEND II_001A/Semana 5/eventos-react-vite-rest-graphql/src/components/events/EventCard.jsx": {"path":"/Users/rodrigosanchez/Library/Mobile Documents/com~apple~CloudDocs/DUOC/DESARROLLO FRONTEND II_001A/Semana 5/eventos-react-vite-rest-graphql/src/components/events/EventCard.jsx","statementMap":{"0":{"start":{"line":4,"column":18},"end":{"line":123,"column":null}},"1":{"start":{"line":5,"column":20},"end":{"line":5,"column":null}},"2":{"start":{"line":7,"column":21},"end":{"line":10,"column":null}},"3":{"start":{"line":8,"column":20},"end":{"line":8,"column":null}},"4":{"start":{"line":9,"column":4},"end":{"line":9,"column":null}},"5":{"start":{"line":12,"column":26},"end":{"line":16,"column":null}},"6":{"start":{"line":13,"column":4},"end":{"line":13,"column":null}},"7":{"start":{"line":14,"column":4},"end":{"line":14,"column":null}},"8":{"start":{"line":15,"column":4},"end":{"line":15,"column":null}},"9":{"start":{"line":18,"column":22},"end":{"line":23,"column":null}},"10":{"start":{"line":19,"column":4},"end":{"line":22,"column":null}},"11":{"start":{"line":25,"column":2},"end":{"line":121,"column":null}}},"fnMap":{"0":{"name":"(anonymous_0)","decl":{"start":{"line":4,"column":18},"end":{"line":4,"column":19}},"loc":{"start":{"line":4,"column":33},"end":{"line":123,"column":null}},"line":4},"1":{"name":"(anonymous_1)","decl":{"start":{"line":7,"column":21},"end":{"line":7,"column":22}},"loc":{"start":{"line":7,"column":37},"end":{"line":10,"column":null}},"line":7},"2":{"name":"(anonymous_2)","decl":{"start":{"line":12,"column":26},"end":{"line":12,"column":27}},"loc":{"start":{"line":12,"column":33},"end":{"line":16,"column":null}},"line":12},"3":{"name":"(anonymous_3)","decl":{"start":{"line":18,"column":22},"end":{"line":18,"column":23}},"loc":{"start":{"line":18,"column":33},"end":{"line":23,"column":null}},"line":18}},"branchMap":{},"s":{"0":2,"1":10,"2":10,"3":10,"4":10,"5":10,"6":1,"7":1,"8":1,"9":10,"10":10,"11":10},"f":{"0":10,"1":10,"2":1,"3":10},"b":{},"meta":{"lastBranch":0,"lastFunction":4,"lastStatement":12,"seen":{"s:4:18:123:Infinity":0,"f:4:18:4:19":0,"s:5:20:5:Infinity":1,"s:7:21:10:Infinity":2,"f:7:21:7:22":1,"s:8:20:8:Infinity":3,"s:9:4:9:Infinity":4,"s:12:26:16:Infinity":5,"f:12:26:12:27":2,"s:13:4:13:Infinity":6,"s:14:4:14:Infinity":7,"s:15:4:15:Infinity":8,"s:18:22:23:Infinity":9,"f:18:22:18:23":3,"s:19:4:22:Infinity":10,"s:25:2:121:Infinity":11}}}
,"/Users/rodrigosanchez/Library/Mobile Documents/com~apple~CloudDocs/DUOC/DESARROLLO FRONTEND II_001A/Semana 5/eventos-react-vite-rest-graphql/src/components/layout/Footer.jsx": {"path":"/Users/rodrigosanchez/Library/Mobile Documents/com~apple~CloudDocs/DUOC/DESARROLLO FRONTEND II_001A/Semana 5/eventos-react-vite-rest-graphql/src/components/layout/Footer.jsx","statementMap":{"0":{"start":{"line":3,"column":15},"end":{"line":93,"column":null}},"1":{"start":{"line":4,"column":8},"end":{"line":4,"column":null}},"2":{"start":{"line":6,"column":22},"end":{"line":22,"column":null}},"3":{"start":{"line":24,"column":2},"end":{"line":91,"column":null}},"4":{"start":{"line":62,"column":12},"end":{"line":76,"column":null}},"5":{"start":{"line":66,"column":18},"end":{"line":73,"column":null}}},"fnMap":{"0":{"name":"(anonymous_0)","decl":{"start":{"line":3,"column":15},"end":{"line":3,"column":21}},"loc":{"start":{"line":3,"column":21},"end":{"line":93,"column":null}},"line":3},"1":{"name":"(anonymous_1)","decl":{"start":{"line":61,"column":43},"end":{"line":61,"column":44}},"loc":{"start":{"line":62,"column":12},"end":{"line":76,"column":null}},"line":62},"2":{"name":"(anonymous_2)","decl":{"start":{"line":65,"column":27},"end":{"line":65,"column":28}},"loc":{"start":{"line":66,"column":18},"end":{"line":73,"column":null}},"line":66}},"branchMap":{},"s":{"0":1,"1":18,"2":18,"3":18,"4":54,"5":162},"f":{"0":18,"1":54,"2":162},"b":{},"meta":{"lastBranch":0,"lastFunction":3,"lastStatement":6,"seen":{"s:3:15:93:Infinity":0,"f:3:15:3:21":0,"s:4:8:4:Infinity":1,"s:6:22:22:Infinity":2,"s:24:2:91:Infinity":3,"f:61:43:61:44":1,"s:62:12:76:Infinity":4,"f:65:27:65:28":2,"s:66:18:73:Infinity":5}}}
,"/Users/rodrigosanchez/Library/Mobile Documents/com~apple~CloudDocs/DUOC/DESARROLLO FRONTEND II_001A/Semana 5/eventos-react-vite-rest-graphql/src/components/layout/Navbar.jsx": {"path":"/Users/rodrigosanchez/Library/Mobile Documents/com~apple~CloudDocs/DUOC/DESARROLLO FRONTEND II_001A/Semana 5/eventos-react-vite-rest-graphql/src/components/layout/Navbar.jsx","statementMap":{"0":{"start":{"line":4,"column":15},"end":{"line":368,"column":null}},"1":{"start":{"line":5,"column":46},"end":{"line":5,"column":null}},"2":{"start":{"line":6,"column":38},"end":{"line":6,"column":null}},"3":{"start":{"line":7,"column":36},"end":{"line":7,"column":null}},"4":{"start":{"line":8,"column":46},"end":{"line":8,"column":null}},"5":{"start":{"line":9,"column":40},"end":{"line":9,"column":null}},"6":{"start":{"line":10,"column":8},"end":{"line":10,"column":null}},"7":{"start":{"line":11,"column":8},"end":{"line":11,"column":null}},"8":{"start":{"line":13,"column":21},"end":{"line":18,"column":null}},"9":{"start":{"line":20,"column":21},"end":{"line":29,"column":null}},"10":{"start":{"line":32,"column":22},"end":{"line":41,"column":null}},"11":{"start":{"line":33,"column":4},"end":{"line":40,"column":null}},"12":{"start":{"line":34,"column":23},"end":{"line":34,"column":null}},"13":{"start":{"line":35,"column":19},"end":{"line":35,"column":null}},"14":{"start":{"line":36,"column":6},"end":{"line":36,"column":null}},"15":{"start":{"line":38,"column":6},"end":{"line":38,"column":null}},"16":{"start":{"line":39,"column":6},"end":{"line":39,"column":null}},"17":{"start":{"line":44,"column":23},"end":{"line":64,"column":null}},"18":{"start":{"line":45,"column":19},"end":{"line":45,"column":null}},"19":{"start":{"line":47,"column":19},"end":{"line":47,"column":null}},"20":{"start":{"line":50,"column":4},"end":{"line":52,"column":null}},"21":{"start":{"line":51,"column":6},"end":{"line":51,"column":null}},"22":{"start":{"line":51,"column":42},"end":{"line":51,"column":69}},"23":{"start":{"line":55,"column":4},"end":{"line":61,"column":null}},"24":{"start":{"line":56,"column":6},"end":{"line":60,"column":null}},"25":{"start":{"line":57,"column":8},"end":{"line":59,"column":null}},"26":{"start":{"line":63,"column":4},"end":{"line":63,"column":null}},"27":{"start":{"line":67,"column":31},"end":{"line":70,"column":null}},"28":{"start":{"line":68,"column":4},"end":{"line":68,"column":null}},"29":{"start":{"line":69,"column":4},"end":{"line":69,"column":null}},"30":{"start":{"line":73,"column":28},"end":{"line":77,"column":null}},"31":{"start":{"line":74,"column":18},"end":{"line":74,"column":null}},"32":{"start":{"line":75,"column":4},"end":{"line":75,"column":null}},"33":{"start":{"line":76,"column":4},"end":{"line":76,"column":null}},"34":{"start":{"line":80,"column":27},"end":{"line":87,"column":null}},"35":{"start":{"line":81,"column":4},"end":{"line":81,"column":null}},"36":{"start":{"line":82,"column":4},"end":{"line":82,"column":null}},"37":{"start":{"line":83,"column":4},"end":{"line":83,"column":null}},"38":{"start":{"line":84,"column":4},"end":{"line":84,"column":null}},"39":{"start":{"line":85,"column":4},"end":{"line":85,"column":null}},"40":{"start":{"line":86,"column":4},"end":{"line":86,"column":null}},"41":{"start":{"line":90,"column":2},"end":{"line":99,"column":null}},"42":{"start":{"line":91,"column":31},"end":{"line":95,"column":null}},"43":{"start":{"line":92,"column":6},"end":{"line":94,"column":null}},"44":{"start":{"line":93,"column":8},"end":{"line":93,"column":null}},"45":{"start":{"line":97,"column":4},"end":{"line":97,"column":null}},"46":{"start":{"line":98,"column":4},"end":{"line":98,"column":null}},"47":{"start":{"line":98,"column":17},"end":{"line":98,"column":null}},"48":{"start":{"line":101,"column":2},"end":{"line":366,"column":null}},"49":{"start":{"line":118,"column":14},"end":{"line":126,"column":null}},"50":{"start":{"line":131,"column":29},"end":{"line":131,"column":null}},"51":{"start":{"line":154,"column":29},"end":{"line":154,"column":null}},"52":{"start":{"line":167,"column":29},"end":{"line":167,"column":null}},"53":{"start":{"line":188,"column":16},"end":{"line":196,"column":null}},"54":{"start":{"line":191,"column":33},"end":{"line":191,"column":null}},"55":{"start":{"line":200,"column":31},"end":{"line":200,"column":null}},"56":{"start":{"line":216,"column":27},"end":{"line":216,"column":null}},"57":{"start":{"line":242,"column":33},"end":{"line":242,"column":null}},"58":{"start":{"line":254,"column":18},"end":{"line":264,"column":null}},"59":{"start":{"line":256,"column":35},"end":{"line":256,"column":null}},"60":{"start":{"line":275,"column":22},"end":{"line":329,"column":null}},"61":{"start":{"line":277,"column":39},"end":{"line":277,"column":null}}},"fnMap":{"0":{"name":"(anonymous_0)","decl":{"start":{"line":4,"column":15},"end":{"line":4,"column":21}},"loc":{"start":{"line":4,"column":21},"end":{"line":368,"column":null}},"line":4},"1":{"name":"(anonymous_1)","decl":{"start":{"line":32,"column":22},"end":{"line":32,"column":34}},"loc":{"start":{"line":32,"column":34},"end":{"line":41,"column":null}},"line":32},"2":{"name":"(anonymous_2)","decl":{"start":{"line":44,"column":23},"end":{"line":44,"column":30}},"loc":{"start":{"line":44,"column":50},"end":{"line":64,"column":null}},"line":44},"3":{"name":"(anonymous_3)","decl":{"start":{"line":51,"column":33},"end":{"line":51,"column":42}},"loc":{"start":{"line":51,"column":42},"end":{"line":51,"column":69}},"line":51},"4":{"name":"(anonymous_4)","decl":{"start":{"line":56,"column":33},"end":{"line":56,"column":null}},"loc":{"start":{"line":57,"column":8},"end":{"line":59,"column":null}},"line":57},"5":{"name":"(anonymous_5)","decl":{"start":{"line":67,"column":31},"end":{"line":67,"column":32}},"loc":{"start":{"line":67,"column":45},"end":{"line":70,"column":null}},"line":67},"6":{"name":"(anonymous_6)","decl":{"start":{"line":73,"column":28},"end":{"line":73,"column":29}},"loc":{"start":{"line":73,"column":35},"end":{"line":77,"column":null}},"line":73},"7":{"name":"(anonymous_7)","decl":{"start":{"line":80,"column":27},"end":{"line":80,"column":28}},"loc":{"start":{"line":80,"column":40},"end":{"line":87,"column":null}},"line":80},"8":{"name":"(anonymous_8)","decl":{"start":{"line":90,"column":12},"end":{"line":90,"column":18}},"loc":{"start":{"line":90,"column":18},"end":{"line":99,"column":5}},"line":90},"9":{"name":"(anonymous_9)","decl":{"start":{"line":91,"column":31},"end":{"line":91,"column":32}},"loc":{"start":{"line":91,"column":42},"end":{"line":95,"column":null}},"line":91},"10":{"name":"(anonymous_10)","decl":{"start":{"line":98,"column":11},"end":{"line":98,"column":17}},"loc":{"start":{"line":98,"column":17},"end":{"line":98,"column":null}},"line":98},"11":{"name":"(anonymous_11)","decl":{"start":{"line":117,"column":28},"end":{"line":117,"column":29}},"loc":{"start":{"line":118,"column":14},"end":{"line":126,"column":null}},"line":118},"12":{"name":"(anonymous_12)","decl":{"start":{"line":131,"column":23},"end":{"line":131,"column":29}},"loc":{"start":{"line":131,"column":29},"end":{"line":131,"column":null}},"line":131},"13":{"name":"(anonymous_13)","decl":{"start":{"line":154,"column":23},"end":{"line":154,"column":29}},"loc":{"start":{"line":154,"column":29},"end":{"line":154,"column":null}},"line":154},"14":{"name":"(anonymous_14)","decl":{"start":{"line":167,"column":23},"end":{"line":167,"column":29}},"loc":{"start":{"line":167,"column":29},"end":{"line":167,"column":null}},"line":167},"15":{"name":"(anonymous_15)","decl":{"start":{"line":187,"column":30},"end":{"line":187,"column":31}},"loc":{"start":{"line":188,"column":16},"end":{"line":196,"column":null}},"line":188},"16":{"name":"(anonymous_16)","decl":{"start":{"line":191,"column":27},"end":{"line":191,"column":33}},"loc":{"start":{"line":191,"column":33},"end":{"line":191,"column":null}},"line":191},"17":{"name":"(anonymous_17)","decl":{"start":{"line":200,"column":25},"end":{"line":200,"column":31}},"loc":{"start":{"line":200,"column":31},"end":{"line":200,"column":null}},"line":200},"18":{"name":"(anonymous_18)","decl":{"start":{"line":216,"column":21},"end":{"line":216,"column":27}},"loc":{"start":{"line":216,"column":27},"end":{"line":216,"column":null}},"line":216},"19":{"name":"(anonymous_19)","decl":{"start":{"line":242,"column":27},"end":{"line":242,"column":33}},"loc":{"start":{"line":242,"column":33},"end":{"line":242,"column":null}},"line":242},"20":{"name":"(anonymous_20)","decl":{"start":{"line":253,"column":32},"end":{"line":253,"column":33}},"loc":{"start":{"line":254,"column":18},"end":{"line":264,"column":null}},"line":254},"21":{"name":"(anonymous_21)","decl":{"start":{"line":256,"column":29},"end":{"line":256,"column":35}},"loc":{"start":{"line":256,"column":35},"end":{"line":256,"column":null}},"line":256},"22":{"name":"(anonymous_22)","decl":{"start":{"line":274,"column":39},"end":{"line":274,"column":40}},"loc":{"start":{"line":275,"column":22},"end":{"line":329,"column":null}},"line":275},"23":{"name":"(anonymous_23)","decl":{"start":{"line":277,"column":33},"end":{"line":277,"column":39}},"loc":{"start":{"line":277,"column":39},"end":{"line":277,"column":null}},"line":277}},"branchMap":{"0":{"loc":{"start":{"line":50,"column":4},"end":{"line":52,"column":null}},"type":"if","locations":[{"start":{"line":50,"column":4},"end":{"line":52,"column":null}},{"start":{},"end":{}}],"line":50},"1":{"loc":{"start":{"line":50,"column":8},"end":{"line":50,"column":42}},"type":"binary-expr","locations":[{"start":{"line":50,"column":8},"end":{"line":50,"column":20}},{"start":{"line":50,"column":20},"end":{"line":50,"column":42}}],"line":50},"2":{"loc":{"start":{"line":55,"column":4},"end":{"line":61,"column":null}},"type":"if","locations":[{"start":{"line":55,"column":4},"end":{"line":61,"column":null}},{"start":{},"end":{}}],"line":55},"3":{"loc":{"start":{"line":57,"column":8},"end":{"line":59,"column":null}},"type":"binary-expr","locations":[{"start":{"line":57,"column":8},"end":{"line":57,"column":null}},{"start":{"line":58,"column":8},"end":{"line":58,"column":null}},{"start":{"line":59,"column":8},"end":{"line":59,"column":null}}],"line":57},"4":{"loc":{"start":{"line":92,"column":6},"end":{"line":94,"column":null}},"type":"if","locations":[{"start":{"line":92,"column":6},"end":{"line":94,"column":null}},{"start":{},"end":{}}],"line":92},"5":{"loc":{"start":{"line":92,"column":10},"end":{"line":92,"column":74}},"type":"binary-expr","locations":[{"start":{"line":92,"column":10},"end":{"line":92,"column":31}},{"start":{"line":92,"column":31},"end":{"line":92,"column":74}}],"line":92},"6":{"loc":{"start":{"line":170,"column":15},"end":{"line":177,"column":null}},"type":"cond-expr","locations":[{"start":{"line":171,"column":16},"end":{"line":173,"column":null}},{"start":{"line":175,"column":16},"end":{"line":177,"column":null}}],"line":170},"7":{"loc":{"start":{"line":184,"column":9},"end":{"line":206,"column":null}},"type":"binary-expr","locations":[{"start":{"line":184,"column":9},"end":{"line":184,"column":null}},{"start":{"line":185,"column":10},"end":{"line":206,"column":null}}],"line":184},"8":{"loc":{"start":{"line":211,"column":7},"end":{"line":364,"column":null}},"type":"binary-expr","locations":[{"start":{"line":211,"column":7},"end":{"line":211,"column":null}},{"start":{"line":212,"column":8},"end":{"line":364,"column":null}}],"line":211},"9":{"loc":{"start":{"line":258,"column":32},"end":{"line":260,"column":null}},"type":"cond-expr","locations":[{"start":{"line":259,"column":34},"end":{"line":259,"column":null}},{"start":{"line":260,"column":34},"end":{"line":260,"column":null}}],"line":258},"10":{"loc":{"start":{"line":258,"column":32},"end":{"line":258,"column":null}},"type":"binary-expr","locations":[{"start":{"line":258,"column":32},"end":{"line":258,"column":66}},{"start":{"line":258,"column":66},"end":{"line":258,"column":90}},{"start":{"line":258,"column":90},"end":{"line":258,"column":null}}],"line":258},"11":{"loc":{"start":{"line":271,"column":15},"end":{"line":360,"column":null}},"type":"cond-expr","locations":[{"start":{"line":272,"column":16},"end":{"line":345,"column":null}},{"start":{"line":348,"column":16},"end":{"line":360,"column":null}}],"line":271},"12":{"loc":{"start":{"line":271,"column":15},"end":{"line":271,"column":null}},"type":"binary-expr","locations":[{"start":{"line":271,"column":15},"end":{"line":271,"column":30}},{"start":{"line":271,"column":30},"end":{"line":271,"column":null}}],"line":271},"13":{"loc":{"start":{"line":272,"column":16},"end":{"line":345,"column":null}},"type":"cond-expr","locations":[{"start":{"line":273,"column":18},"end":{"line":331,"column":null}},{"start":{"line":333,"column":18},"end":{"line":345,"column":null}}],"line":272}},"s":{"0":1,"1":30,"2":30,"3":30,"4":30,"5":30,"6":30,"7":30,"8":30,"9":30,"10":30,"11":2,"12":2,"13":2,"14":2,"15":0,"16":0,"17":30,"18":2,"19":2,"20":2,"21":1,"22":0,"23":2,"24":1,"25":0,"26":2,"27":30,"28":1,"29":1,"30":30,"31":1,"32":1,"33":1,"34":30,"35":0,"36":0,"37":0,"38":0,"39":0,"40":0,"41":30,"42":18,"43":0,"44":0,"45":18,"46":18,"47":18,"48":30,"49":120,"50":5,"51":0,"52":2,"53":8,"54":1,"55":0,"56":0,"57":1,"58":56,"59":1,"60":0,"61":0},"f":{"0":30,"1":2,"2":2,"3":0,"4":0,"5":1,"6":1,"7":0,"8":18,"9":0,"10":18,"11":120,"12":5,"13":0,"14":2,"15":8,"16":1,"17":0,"18":0,"19":1,"20":56,"21":1,"22":0,"23":0},"b":{"0":[1,1],"1":[2,1],"2":[1,1],"3":[0,0,0],"4":[0,0],"5":[0,0],"6":[2,28],"7":[30,2],"8":[30,7],"9":[7,49],"10":[56,55,7],"11":[2,5],"12":[7,6],"13":[0,2]},"meta":{"lastBranch":14,"lastFunction":24,"lastStatement":62,"seen":{"s:4:15:368:Infinity":0,"f:4:15:4:21":0,"s:5:46:5:Infinity":1,"s:6:38:6:Infinity":2,"s:7:36:7:Infinity":3,"s:8:46:8:Infinity":4,"s:9:40:9:Infinity":5,"s:10:8:10:Infinity":6,"s:11:8:11:Infinity":7,"s:13:21:18:Infinity":8,"s:20:21:29:Infinity":9,"s:32:22:41:Infinity":10,"f:32:22:32:34":1,"s:33:4:40:Infinity":11,"s:34:23:34:Infinity":12,"s:35:19:35:Infinity":13,"s:36:6:36:Infinity":14,"s:38:6:38:Infinity":15,"s:39:6:39:Infinity":16,"s:44:23:64:Infinity":17,"f:44:23:44:30":2,"s:45:19:45:Infinity":18,"s:47:19:47:Infinity":19,"b:50:4:52:Infinity:undefined:undefined:undefined:undefined":0,"s:50:4:52:Infinity":20,"b:50:8:50:20:50:20:50:42":1,"s:51:6:51:Infinity":21,"f:51:33:51:42":3,"s:51:42:51:69":22,"b:55:4:61:Infinity:undefined:undefined:undefined:undefined":2,"s:55:4:61:Infinity":23,"s:56:6:60:Infinity":24,"f:56:33:56:Infinity":4,"s:57:8:59:Infinity":25,"b:57:8:57:Infinity:58:8:58:Infinity:59:8:59:Infinity":3,"s:63:4:63:Infinity":26,"s:67:31:70:Infinity":27,"f:67:31:67:32":5,"s:68:4:68:Infinity":28,"s:69:4:69:Infinity":29,"s:73:28:77:Infinity":30,"f:73:28:73:29":6,"s:74:18:74:Infinity":31,"s:75:4:75:Infinity":32,"s:76:4:76:Infinity":33,"s:80:27:87:Infinity":34,"f:80:27:80:28":7,"s:81:4:81:Infinity":35,"s:82:4:82:Infinity":36,"s:83:4:83:Infinity":37,"s:84:4:84:Infinity":38,"s:85:4:85:Infinity":39,"s:86:4:86:Infinity":40,"s:90:2:99:Infinity":41,"f:90:12:90:18":8,"s:91:31:95:Infinity":42,"f:91:31:91:32":9,"b:92:6:94:Infinity:undefined:undefined:undefined:undefined":4,"s:92:6:94:Infinity":43,"b:92:10:92:31:92:31:92:74":5,"s:93:8:93:Infinity":44,"s:97:4:97:Infinity":45,"s:98:4:98:Infinity":46,"f:98:11:98:17":10,"s:98:17:98:Infinity":47,"s:101:2:366:Infinity":48,"f:117:28:117:29":11,"s:118:14:126:Infinity":49,"f:131:23:131:29":12,"s:131:29:131:Infinity":50,"f:154:23:154:29":13,"s:154:29:154:Infinity":51,"f:167:23:167:29":14,"s:167:29:167:Infinity":52,"b:171:16:173:Infinity:175:16:177:Infinity":6,"b:184:9:184:Infinity:185:10:206:Infinity":7,"f:187:30:187:31":15,"s:188:16:196:Infinity":53,"f:191:27:191:33":16,"s:191:33:191:Infinity":54,"f:200:25:200:31":17,"s:200:31:200:Infinity":55,"b:211:7:211:Infinity:212:8:364:Infinity":8,"f:216:21:216:27":18,"s:216:27:216:Infinity":56,"f:242:27:242:33":19,"s:242:33:242:Infinity":57,"f:253:32:253:33":20,"s:254:18:264:Infinity":58,"f:256:29:256:35":21,"s:256:35:256:Infinity":59,"b:259:34:259:Infinity:260:34:260:Infinity":9,"b:258:32:258:66:258:66:258:90:258:90:258:Infinity":10,"b:272:16:345:Infinity:348:16:360:Infinity":11,"b:271:15:271:30:271:30:271:Infinity":12,"b:273:18:331:Infinity:333:18:345:Infinity":13,"f:274:39:274:40":22,"s:275:22:329:Infinity":60,"f:277:33:277:39":23,"s:277:39:277:Infinity":61}}}
,"/Users/rodrigosanchez/Library/Mobile Documents/com~apple~CloudDocs/DUOC/DESARROLLO FRONTEND II_001A/Semana 5/eventos-react-vite-rest-graphql/src/components/ui/EmptyState.jsx": {"path":"/Users/rodrigosanchez/Library/Mobile Documents/com~apple~CloudDocs/DUOC/DESARROLLO FRONTEND II_001A/Semana 5/eventos-react-vite-rest-graphql/src/components/ui/EmptyState.jsx","statementMap":{"0":{"start":{"line":1,"column":19},"end":{"line":51,"column":null}},"1":{"start":{"line":7,"column":2},"end":{"line":49,"column":null}}},"fnMap":{"0":{"name":"(anonymous_0)","decl":{"start":{"line":1,"column":19},"end":{"line":1,"column":20}},"loc":{"start":{"line":6,"column":6},"end":{"line":51,"column":null}},"line":6}},"branchMap":{"0":{"loc":{"start":{"line":2,"column":2},"end":{"line":2,"column":null}},"type":"default-arg","locations":[{"start":{"line":2,"column":10},"end":{"line":2,"column":null}}],"line":2},"1":{"loc":{"start":{"line":3,"column":2},"end":{"line":3,"column":null}},"type":"default-arg","locations":[{"start":{"line":3,"column":16},"end":{"line":3,"column":null}}],"line":3},"2":{"loc":{"start":{"line":35,"column":7},"end":{"line":47,"column":null}},"type":"binary-expr","locations":[{"start":{"line":35,"column":7},"end":{"line":35,"column":17}},{"start":{"line":35,"column":17},"end":{"line":35,"column":null}},{"start":{"line":36,"column":8},"end":{"line":47,"column":null}}],"line":35}},"s":{"0":1,"1":8},"f":{"0":8},"b":{"0":[8],"1":[8],"2":[8,2,2]},"meta":{"lastBranch":3,"lastFunction":1,"lastStatement":2,"seen":{"s:1:19:51:Infinity":0,"f:1:19:1:20":0,"b:2:10:2:Infinity":0,"b:3:16:3:Infinity":1,"s:7:2:49:Infinity":1,"b:35:7:35:17:35:17:35:Infinity:36:8:47:Infinity":2}}}
,"/Users/rodrigosanchez/Library/Mobile Documents/com~apple~CloudDocs/DUOC/DESARROLLO FRONTEND II_001A/Semana 5/eventos-react-vite-rest-graphql/src/components/ui/ErrorMessage.jsx": {"path":"/Users/rodrigosanchez/Library/Mobile Documents/com~apple~CloudDocs/DUOC/DESARROLLO FRONTEND II_001A/Semana 5/eventos-react-vite-rest-graphql/src/components/ui/ErrorMessage.jsx","statementMap":{"0":{"start":{"line":1,"column":21},"end":{"line":45,"column":null}},"1":{"start":{"line":2,"column":2},"end":{"line":43,"column":null}}},"fnMap":{"0":{"name":"(anonymous_0)","decl":{"start":{"line":1,"column":21},"end":{"line":1,"column":22}},"loc":{"start":{"line":1,"column":45},"end":{"line":45,"column":null}},"line":1}},"branchMap":{"0":{"loc":{"start":{"line":25,"column":11},"end":{"line":25,"column":null}},"type":"binary-expr","locations":[{"start":{"line":25,"column":11},"end":{"line":25,"column":22}},{"start":{"line":25,"column":22},"end":{"line":25,"column":null}}],"line":25},"1":{"loc":{"start":{"line":27,"column":9},"end":{"line":40,"column":null}},"type":"binary-expr","locations":[{"start":{"line":27,"column":9},"end":{"line":27,"column":null}},{"start":{"line":28,"column":10},"end":{"line":40,"column":null}}],"line":27}},"s":{"0":2,"1":8},"f":{"0":8},"b":{"0":[8,6],"1":[8,3]},"meta":{"lastBranch":2,"lastFunction":1,"lastStatement":2,"seen":{"s:1:21:45:Infinity":0,"f:1:21:1:22":0,"s:2:2:43:Infinity":1,"b:25:11:25:22:25:22:25:Infinity":0,"b:27:9:27:Infinity:28:10:40:Infinity":1}}}
,"/Users/rodrigosanchez/Library/Mobile Documents/com~apple~CloudDocs/DUOC/DESARROLLO FRONTEND II_001A/Semana 5/eventos-react-vite-rest-graphql/src/components/ui/LoadingSpinner.jsx": {"path":"/Users/rodrigosanchez/Library/Mobile Documents/com~apple~CloudDocs/DUOC/DESARROLLO FRONTEND II_001A/Semana 5/eventos-react-vite-rest-graphql/src/components/ui/LoadingSpinner.jsx","statementMap":{"0":{"start":{"line":1,"column":23},"end":{"line":38,"column":null}},"1":{"start":{"line":2,"column":22},"end":{"line":6,"column":null}},"2":{"start":{"line":8,"column":19},"end":{"line":12,"column":null}},"3":{"start":{"line":14,"column":2},"end":{"line":36,"column":null}}},"fnMap":{"0":{"name":"(anonymous_0)","decl":{"start":{"line":1,"column":23},"end":{"line":1,"column":24}},"loc":{"start":{"line":1,"column":66},"end":{"line":38,"column":null}},"line":1}},"branchMap":{"0":{"loc":{"start":{"line":1,"column":26},"end":{"line":1,"column":39}},"type":"default-arg","locations":[{"start":{"line":1,"column":33},"end":{"line":1,"column":39}}],"line":1},"1":{"loc":{"start":{"line":1,"column":39},"end":{"line":1,"column":60}},"type":"default-arg","locations":[{"start":{"line":1,"column":46},"end":{"line":1,"column":60}}],"line":1},"2":{"loc":{"start":{"line":29,"column":7},"end":{"line":34,"column":null}},"type":"binary-expr","locations":[{"start":{"line":29,"column":7},"end":{"line":29,"column":null}},{"start":{"line":30,"column":8},"end":{"line":34,"column":null}}],"line":29}},"s":{"0":2,"1":14,"2":14,"3":14},"f":{"0":14},"b":{"0":[14],"1":[14],"2":[14,13]},"meta":{"lastBranch":3,"lastFunction":1,"lastStatement":4,"seen":{"s:1:23:38:Infinity":0,"f:1:23:1:24":0,"b:1:33:1:39":0,"b:1:46:1:60":1,"s:2:22:6:Infinity":1,"s:8:19:12:Infinity":2,"s:14:2:36:Infinity":3,"b:29:7:29:Infinity:30:8:34:Infinity":2}}}
,"/Users/rodrigosanchez/Library/Mobile Documents/com~apple~CloudDocs/DUOC/DESARROLLO FRONTEND II_001A/Semana 5/eventos-react-vite-rest-graphql/src/context/CartContext.jsx": {"path":"/Users/rodrigosanchez/Library/Mobile Documents/com~apple~CloudDocs/DUOC/DESARROLLO FRONTEND II_001A/Semana 5/eventos-react-vite-rest-graphql/src/context/CartContext.jsx","statementMap":{"0":{"start":{"line":3,"column":6},"end":{"line":3,"column":null}},"1":{"start":{"line":7,"column":23},"end":{"line":13,"column":null}},"2":{"start":{"line":8,"column":8},"end":{"line":8,"column":null}},"3":{"start":{"line":9,"column":2},"end":{"line":11,"column":null}},"4":{"start":{"line":10,"column":4},"end":{"line":10,"column":null}},"5":{"start":{"line":12,"column":2},"end":{"line":12,"column":null}},"6":{"start":{"line":15,"column":28},"end":{"line":93,"column":null}},"7":{"start":{"line":16,"column":32},"end":{"line":20,"column":null}},"8":{"start":{"line":18,"column":22},"end":{"line":18,"column":null}},"9":{"start":{"line":19,"column":4},"end":{"line":19,"column":null}},"10":{"start":{"line":22,"column":34},"end":{"line":22,"column":null}},"11":{"start":{"line":25,"column":2},"end":{"line":27,"column":null}},"12":{"start":{"line":26,"column":4},"end":{"line":26,"column":null}},"13":{"start":{"line":29,"column":20},"end":{"line":44,"column":null}},"14":{"start":{"line":30,"column":4},"end":{"line":42,"column":null}},"15":{"start":{"line":31,"column":27},"end":{"line":31,"column":null}},"16":{"start":{"line":31,"column":50},"end":{"line":31,"column":70}},"17":{"start":{"line":33,"column":6},"end":{"line":39,"column":null}},"18":{"start":{"line":34,"column":8},"end":{"line":38,"column":null}},"19":{"start":{"line":35,"column":10},"end":{"line":37,"column":null}},"20":{"start":{"line":41,"column":6},"end":{"line":41,"column":null}},"21":{"start":{"line":43,"column":4},"end":{"line":43,"column":null}},"22":{"start":{"line":46,"column":25},"end":{"line":48,"column":null}},"23":{"start":{"line":47,"column":4},"end":{"line":47,"column":null}},"24":{"start":{"line":47,"column":30},"end":{"line":47,"column":75}},"25":{"start":{"line":47,"column":55},"end":{"line":47,"column":74}},"26":{"start":{"line":50,"column":25},"end":{"line":61,"column":null}},"27":{"start":{"line":51,"column":4},"end":{"line":54,"column":null}},"28":{"start":{"line":52,"column":6},"end":{"line":52,"column":null}},"29":{"start":{"line":53,"column":6},"end":{"line":53,"column":null}},"30":{"start":{"line":56,"column":4},"end":{"line":60,"column":null}},"31":{"start":{"line":57,"column":6},"end":{"line":59,"column":null}},"32":{"start":{"line":58,"column":8},"end":{"line":58,"column":null}},"33":{"start":{"line":63,"column":20},"end":{"line":65,"column":null}},"34":{"start":{"line":64,"column":4},"end":{"line":64,"column":null}},"35":{"start":{"line":67,"column":23},"end":{"line":69,"column":null}},"36":{"start":{"line":68,"column":4},"end":{"line":68,"column":null}},"37":{"start":{"line":68,"column":45},"end":{"line":68,"column":83}},"38":{"start":{"line":71,"column":23},"end":{"line":73,"column":null}},"39":{"start":{"line":72,"column":4},"end":{"line":72,"column":null}},"40":{"start":{"line":72,"column":45},"end":{"line":72,"column":68}},"41":{"start":{"line":75,"column":21},"end":{"line":77,"column":null}},"42":{"start":{"line":76,"column":4},"end":{"line":76,"column":null}},"43":{"start":{"line":79,"column":16},"end":{"line":90,"column":null}},"44":{"start":{"line":92,"column":2},"end":{"line":92,"column":null}}},"fnMap":{"0":{"name":"(anonymous_0)","decl":{"start":{"line":7,"column":23},"end":{"line":7,"column":29}},"loc":{"start":{"line":7,"column":29},"end":{"line":13,"column":null}},"line":7},"1":{"name":"(anonymous_1)","decl":{"start":{"line":15,"column":28},"end":{"line":15,"column":29}},"loc":{"start":{"line":15,"column":46},"end":{"line":93,"column":null}},"line":15},"2":{"name":"(anonymous_2)","decl":{"start":{"line":16,"column":45},"end":{"line":16,"column":51}},"loc":{"start":{"line":16,"column":51},"end":{"line":20,"column":3}},"line":16},"3":{"name":"(anonymous_3)","decl":{"start":{"line":25,"column":12},"end":{"line":25,"column":18}},"loc":{"start":{"line":25,"column":18},"end":{"line":27,"column":5}},"line":25},"4":{"name":"(anonymous_4)","decl":{"start":{"line":29,"column":20},"end":{"line":29,"column":21}},"loc":{"start":{"line":29,"column":45},"end":{"line":44,"column":null}},"line":29},"5":{"name":"(anonymous_5)","decl":{"start":{"line":30,"column":17},"end":{"line":30,"column":30}},"loc":{"start":{"line":30,"column":30},"end":{"line":42,"column":5}},"line":30},"6":{"name":"(anonymous_6)","decl":{"start":{"line":31,"column":42},"end":{"line":31,"column":50}},"loc":{"start":{"line":31,"column":50},"end":{"line":31,"column":70}},"line":31},"7":{"name":"(anonymous_7)","decl":{"start":{"line":34,"column":29},"end":{"line":34,"column":null}},"loc":{"start":{"line":35,"column":10},"end":{"line":37,"column":null}},"line":35},"8":{"name":"(anonymous_8)","decl":{"start":{"line":46,"column":25},"end":{"line":46,"column":26}},"loc":{"start":{"line":46,"column":38},"end":{"line":48,"column":null}},"line":46},"9":{"name":"(anonymous_9)","decl":{"start":{"line":47,"column":17},"end":{"line":47,"column":30}},"loc":{"start":{"line":47,"column":30},"end":{"line":47,"column":75}},"line":47},"10":{"name":"(anonymous_10)","decl":{"start":{"line":47,"column":47},"end":{"line":47,"column":55}},"loc":{"start":{"line":47,"column":55},"end":{"line":47,"column":74}},"line":47},"11":{"name":"(anonymous_11)","decl":{"start":{"line":50,"column":25},"end":{"line":50,"column":26}},"loc":{"start":{"line":50,"column":48},"end":{"line":61,"column":null}},"line":50},"12":{"name":"(anonymous_12)","decl":{"start":{"line":56,"column":17},"end":{"line":56,"column":null}},"loc":{"start":{"line":57,"column":6},"end":{"line":59,"column":null}},"line":57},"13":{"name":"(anonymous_13)","decl":{"start":{"line":57,"column":20},"end":{"line":57,"column":null}},"loc":{"start":{"line":58,"column":8},"end":{"line":58,"column":null}},"line":58},"14":{"name":"(anonymous_14)","decl":{"start":{"line":63,"column":20},"end":{"line":63,"column":26}},"loc":{"start":{"line":63,"column":26},"end":{"line":65,"column":null}},"line":63},"15":{"name":"(anonymous_15)","decl":{"start":{"line":67,"column":23},"end":{"line":67,"column":29}},"loc":{"start":{"line":67,"column":29},"end":{"line":69,"column":null}},"line":67},"16":{"name":"(anonymous_16)","decl":{"start":{"line":68,"column":28},"end":{"line":68,"column":29}},"loc":{"start":{"line":68,"column":45},"end":{"line":68,"column":83}},"line":68},"17":{"name":"(anonymous_17)","decl":{"start":{"line":71,"column":23},"end":{"line":71,"column":29}},"loc":{"start":{"line":71,"column":29},"end":{"line":73,"column":null}},"line":71},"18":{"name":"(anonymous_18)","decl":{"start":{"line":72,"column":28},"end":{"line":72,"column":29}},"loc":{"start":{"line":72,"column":45},"end":{"line":72,"column":68}},"line":72},"19":{"name":"(anonymous_19)","decl":{"start":{"line":75,"column":21},"end":{"line":75,"column":27}},"loc":{"start":{"line":75,"column":27},"end":{"line":77,"column":null}},"line":75}},"branchMap":{"0":{"loc":{"start":{"line":9,"column":2},"end":{"line":11,"column":null}},"type":"if","locations":[{"start":{"line":9,"column":2},"end":{"line":11,"column":null}},{"start":{},"end":{}}],"line":9},"1":{"loc":{"start":{"line":19,"column":11},"end":{"line":19,"column":null}},"type":"cond-expr","locations":[{"start":{"line":19,"column":23},"end":{"line":19,"column":47}},{"start":{"line":19,"column":47},"end":{"line":19,"column":null}}],"line":19},"2":{"loc":{"start":{"line":29,"column":28},"end":{"line":29,"column":45}},"type":"default-arg","locations":[{"start":{"line":29,"column":39},"end":{"line":29,"column":45}}],"line":29},"3":{"loc":{"start":{"line":33,"column":6},"end":{"line":39,"column":null}},"type":"if","locations":[{"start":{"line":33,"column":6},"end":{"line":39,"column":null}},{"start":{},"end":{}}],"line":33},"4":{"loc":{"start":{"line":35,"column":10},"end":{"line":37,"column":null}},"type":"cond-expr","locations":[{"start":{"line":36,"column":14},"end":{"line":36,"column":null}},{"start":{"line":37,"column":14},"end":{"line":37,"column":null}}],"line":35},"5":{"loc":{"start":{"line":51,"column":4},"end":{"line":54,"column":null}},"type":"if","locations":[{"start":{"line":51,"column":4},"end":{"line":54,"column":null}},{"start":{},"end":{}}],"line":51},"6":{"loc":{"start":{"line":58,"column":8},"end":{"line":58,"column":null}},"type":"cond-expr","locations":[{"start":{"line":58,"column":30},"end":{"line":58,"column":54}},{"start":{"line":58,"column":54},"end":{"line":58,"column":null}}],"line":58}},"s":{"0":6,"1":6,"2":43,"3":43,"4":2,"5":40,"6":6,"7":90,"8":71,"9":71,"10":90,"11":90,"12":88,"13":90,"14":13,"15":13,"16":3,"17":13,"18":3,"19":3,"20":10,"21":13,"22":90,"23":2,"24":2,"25":2,"26":90,"27":2,"28":1,"29":1,"30":1,"31":1,"32":1,"33":90,"34":1,"35":90,"36":27,"37":13,"38":90,"39":30,"40":14,"41":90,"42":2,"43":90,"44":90},"f":{"0":43,"1":90,"2":71,"3":88,"4":13,"5":13,"6":3,"7":3,"8":2,"9":2,"10":2,"11":2,"12":1,"13":1,"14":1,"15":27,"16":13,"17":30,"18":14,"19":2},"b":{"0":[2,41],"1":[55,16],"2":[13],"3":[3,10],"4":[3,0],"5":[1,1],"6":[1,0]},"meta":{"lastBranch":7,"lastFunction":20,"lastStatement":45,"seen":{"s:3:6:3:Infinity":0,"s:7:23:13:Infinity":1,"f:7:23:7:29":0,"s:8:8:8:Infinity":2,"b:9:2:11:Infinity:undefined:undefined:undefined:undefined":0,"s:9:2:11:Infinity":3,"s:10:4:10:Infinity":4,"s:12:2:12:Infinity":5,"s:15:28:93:Infinity":6,"f:15:28:15:29":1,"s:16:32:20:Infinity":7,"f:16:45:16:51":2,"s:18:22:18:Infinity":8,"s:19:4:19:Infinity":9,"b:19:23:19:47:19:47:19:Infinity":1,"s:22:34:22:Infinity":10,"s:25:2:27:Infinity":11,"f:25:12:25:18":3,"s:26:4:26:Infinity":12,"s:29:20:44:Infinity":13,"f:29:20:29:21":4,"b:29:39:29:45":2,"s:30:4:42:Infinity":14,"f:30:17:30:30":5,"s:31:27:31:Infinity":15,"f:31:42:31:50":6,"s:31:50:31:70":16,"b:33:6:39:Infinity:undefined:undefined:undefined:undefined":3,"s:33:6:39:Infinity":17,"s:34:8:38:Infinity":18,"f:34:29:34:Infinity":7,"s:35:10:37:Infinity":19,"b:36:14:36:Infinity:37:14:37:Infinity":4,"s:41:6:41:Infinity":20,"s:43:4:43:Infinity":21,"s:46:25:48:Infinity":22,"f:46:25:46:26":8,"s:47:4:47:Infinity":23,"f:47:17:47:30":9,"s:47:30:47:75":24,"f:47:47:47:55":10,"s:47:55:47:74":25,"s:50:25:61:Infinity":26,"f:50:25:50:26":11,"b:51:4:54:Infinity:undefined:undefined:undefined:undefined":5,"s:51:4:54:Infinity":27,"s:52:6:52:Infinity":28,"s:53:6:53:Infinity":29,"s:56:4:60:Infinity":30,"f:56:17:56:Infinity":12,"s:57:6:59:Infinity":31,"f:57:20:57:Infinity":13,"s:58:8:58:Infinity":32,"b:58:30:58:54:58:54:58:Infinity":6,"s:63:20:65:Infinity":33,"f:63:20:63:26":14,"s:64:4:64:Infinity":34,"s:67:23:69:Infinity":35,"f:67:23:67:29":15,"s:68:4:68:Infinity":36,"f:68:28:68:29":16,"s:68:45:68:83":37,"s:71:23:73:Infinity":38,"f:71:23:71:29":17,"s:72:4:72:Infinity":39,"f:72:28:72:29":18,"s:72:45:72:68":40,"s:75:21:77:Infinity":41,"f:75:21:75:27":19,"s:76:4:76:Infinity":42,"s:79:16:90:Infinity":43,"s:92:2:92:Infinity":44}}}
,"/Users/rodrigosanchez/Library/Mobile Documents/com~apple~CloudDocs/DUOC/DESARROLLO FRONTEND II_001A/Semana 5/eventos-react-vite-rest-graphql/src/pages/About.jsx": {"path":"/Users/rodrigosanchez/Library/Mobile Documents/com~apple~CloudDocs/DUOC/DESARROLLO FRONTEND II_001A/Semana 5/eventos-react-vite-rest-graphql/src/pages/About.jsx","statementMap":{"0":{"start":{"line":1,"column":14},"end":{"line":205,"column":null}},"1":{"start":{"line":2,"column":2},"end":{"line":203,"column":null}},"2":{"start":{"line":81,"column":14},"end":{"line":88,"column":null}}},"fnMap":{"0":{"name":"(anonymous_0)","decl":{"start":{"line":1,"column":14},"end":{"line":1,"column":20}},"loc":{"start":{"line":1,"column":20},"end":{"line":205,"column":null}},"line":1},"1":{"name":"(anonymous_1)","decl":{"start":{"line":80,"column":18},"end":{"line":80,"column":19}},"loc":{"start":{"line":81,"column":14},"end":{"line":88,"column":null}},"line":81}},"branchMap":{},"s":{"0":1,"1":7,"2":35},"f":{"0":7,"1":35},"b":{},"meta":{"lastBranch":0,"lastFunction":2,"lastStatement":3,"seen":{"s:1:14:205:Infinity":0,"f:1:14:1:20":0,"s:2:2:203:Infinity":1,"f:80:18:80:19":1,"s:81:14:88:Infinity":2}}}
,"/Users/rodrigosanchez/Library/Mobile Documents/com~apple~CloudDocs/DUOC/DESARROLLO FRONTEND II_001A/Semana 5/eventos-react-vite-rest-graphql/src/pages/Home.jsx": {"path":"/Users/rodrigosanchez/Library/Mobile Documents/com~apple~CloudDocs/DUOC/DESARROLLO FRONTEND II_001A/Semana 5/eventos-react-vite-rest-graphql/src/pages/Home.jsx","statementMap":{"0":{"start":{"line":8,"column":13},"end":{"line":580,"column":null}},"1":{"start":{"line":9,"column":42},"end":{"line":9,"column":null}},"2":{"start":{"line":10,"column":24},"end":{"line":10,"column":null}},"3":{"start":{"line":11,"column":28},"end":{"line":11,"column":null}},"4":{"start":{"line":12,"column":24},"end":{"line":12,"column":null}},"5":{"start":{"line":14,"column":2},"end":{"line":16,"column":null}},"6":{"start":{"line":15,"column":4},"end":{"line":15,"column":null}},"7":{"start":{"line":18,"column":23},"end":{"line":41,"column":null}},"8":{"start":{"line":19,"column":4},"end":{"line":40,"column":null}},"9":{"start":{"line":20,"column":6},"end":{"line":20,"column":null}},"10":{"start":{"line":21,"column":6},"end":{"line":21,"column":null}},"11":{"start":{"line":23,"column":46},"end":{"line":26,"column":null}},"12":{"start":{"line":28,"column":6},"end":{"line":31,"column":null}},"13":{"start":{"line":30,"column":8},"end":{"line":30,"column":null}},"14":{"start":{"line":33,"column":6},"end":{"line":35,"column":null}},"15":{"start":{"line":34,"column":8},"end":{"line":34,"column":null}},"16":{"start":{"line":37,"column":6},"end":{"line":37,"column":null}},"17":{"start":{"line":39,"column":6},"end":{"line":39,"column":null}},"18":{"start":{"line":43,"column":2},"end":{"line":45,"column":null}},"19":{"start":{"line":44,"column":4},"end":{"line":44,"column":null}},"20":{"start":{"line":47,"column":2},"end":{"line":49,"column":null}},"21":{"start":{"line":48,"column":4},"end":{"line":48,"column":null}},"22":{"start":{"line":51,"column":2},"end":{"line":578,"column":null}},"23":{"start":{"line":222,"column":31},"end":{"line":229,"column":null}},"24":{"start":{"line":231,"column":14},"end":{"line":301,"column":null}}},"fnMap":{"0":{"name":"(anonymous_0)","decl":{"start":{"line":8,"column":13},"end":{"line":8,"column":19}},"loc":{"start":{"line":8,"column":19},"end":{"line":580,"column":null}},"line":8},"1":{"name":"(anonymous_1)","decl":{"start":{"line":14,"column":12},"end":{"line":14,"column":18}},"loc":{"start":{"line":14,"column":18},"end":{"line":16,"column":5}},"line":14},"2":{"name":"(anonymous_2)","decl":{"start":{"line":18,"column":23},"end":{"line":18,"column":35}},"loc":{"start":{"line":18,"column":35},"end":{"line":41,"column":null}},"line":18},"3":{"name":"(anonymous_3)","decl":{"start":{"line":220,"column":44},"end":{"line":220,"column":45}},"loc":{"start":{"line":220,"column":62},"end":{"line":303,"column":13}},"line":220}},"branchMap":{"0":{"loc":{"start":{"line":28,"column":6},"end":{"line":31,"column":null}},"type":"if","locations":[{"start":{"line":28,"column":6},"end":{"line":31,"column":null}},{"start":{},"end":{}}],"line":28},"1":{"loc":{"start":{"line":33,"column":6},"end":{"line":35,"column":null}},"type":"if","locations":[{"start":{"line":33,"column":6},"end":{"line":35,"column":null}},{"start":{},"end":{}}],"line":33},"2":{"loc":{"start":{"line":43,"column":2},"end":{"line":45,"column":null}},"type":"if","locations":[{"start":{"line":43,"column":2},"end":{"line":45,"column":null}},{"start":{},"end":{}}],"line":43},"3":{"loc":{"start":{"line":47,"column":2},"end":{"line":49,"column":null}},"type":"if","locations":[{"start":{"line":47,"column":2},"end":{"line":49,"column":null}},{"start":{},"end":{}}],"line":47},"4":{"loc":{"start":{"line":93,"column":7},"end":{"line":188,"column":null}},"type":"binary-expr","locations":[{"start":{"line":93,"column":7},"end":{"line":93,"column":null}},{"start":{"line":94,"column":8},"end":{"line":188,"column":null}}],"line":93}},"s":{"0":1,"1":13,"2":13,"3":13,"4":13,"5":13,"6":7,"7":13,"8":7,"9":7,"10":7,"11":7,"12":5,"13":5,"14":5,"15":5,"16":1,"17":6,"18":13,"19":7,"20":6,"21":1,"22":5,"23":9,"24":9},"f":{"0":13,"1":7,"2":7,"3":9},"b":{"0":[5,0],"1":[5,0],"2":[7,6],"3":[1,5],"4":[5,5]},"meta":{"lastBranch":5,"lastFunction":4,"lastStatement":25,"seen":{"s:8:13:580:Infinity":0,"f:8:13:8:19":0,"s:9:42:9:Infinity":1,"s:10:24:10:Infinity":2,"s:11:28:11:Infinity":3,"s:12:24:12:Infinity":4,"s:14:2:16:Infinity":5,"f:14:12:14:18":1,"s:15:4:15:Infinity":6,"s:18:23:41:Infinity":7,"f:18:23:18:35":2,"s:19:4:40:Infinity":8,"s:20:6:20:Infinity":9,"s:21:6:21:Infinity":10,"s:23:46:26:Infinity":11,"b:28:6:31:Infinity:undefined:undefined:undefined:undefined":0,"s:28:6:31:Infinity":12,"s:30:8:30:Infinity":13,"b:33:6:35:Infinity:undefined:undefined:undefined:undefined":1,"s:33:6:35:Infinity":14,"s:34:8:34:Infinity":15,"s:37:6:37:Infinity":16,"s:39:6:39:Infinity":17,"b:43:2:45:Infinity:undefined:undefined:undefined:undefined":2,"s:43:2:45:Infinity":18,"s:44:4:44:Infinity":19,"b:47:2:49:Infinity:undefined:undefined:undefined:undefined":3,"s:47:2:49:Infinity":20,"s:48:4:48:Infinity":21,"s:51:2:578:Infinity":22,"b:93:7:93:Infinity:94:8:188:Infinity":4,"f:220:44:220:45":3,"s:222:31:229:Infinity":23,"s:231:14:301:Infinity":24}}}
,"/Users/rodrigosanchez/Library/Mobile Documents/com~apple~CloudDocs/DUOC/DESARROLLO FRONTEND II_001A/Semana 5/eventos-react-vite-rest-graphql/src/services/graphqlApi.js": {"path":"/Users/rodrigosanchez/Library/Mobile Documents/com~apple~CloudDocs/DUOC/DESARROLLO FRONTEND II_001A/Semana 5/eventos-react-vite-rest-graphql/src/services/graphqlApi.js","statementMap":{"0":{"start":{"line":7,"column":25},"end":{"line":7,"column":35}},"1":{"start":{"line":8,"column":22},"end":{"line":8,"column":42}},"2":{"start":{"line":12,"column":2},"end":{"line":15,"column":null}},"3":{"start":{"line":13,"column":18},"end":{"line":13,"column":96}},"4":{"start":{"line":13,"column":39},"end":{"line":13,"column":95}},"5":{"start":{"line":14,"column":4},"end":{"line":14,"column":null}},"6":{"start":{"line":17,"column":2},"end":{"line":22,"column":null}},"7":{"start":{"line":18,"column":20},"end":{"line":20,"column":5}},"8":{"start":{"line":19,"column":6},"end":{"line":19,"column":null}},"9":{"start":{"line":21,"column":4},"end":{"line":21,"column":null}},"10":{"start":{"line":24,"column":2},"end":{"line":35,"column":null}},"11":{"start":{"line":25,"column":18},"end":{"line":25,"column":106}},"12":{"start":{"line":25,"column":39},"end":{"line":25,"column":105}},"13":{"start":{"line":26,"column":4},"end":{"line":34,"column":null}},"14":{"start":{"line":37,"column":2},"end":{"line":43,"column":null}},"15":{"start":{"line":38,"column":18},"end":{"line":38,"column":28}},"16":{"start":{"line":39,"column":21},"end":{"line":41,"column":18}},"17":{"start":{"line":40,"column":19},"end":{"line":40,"column":44}},"18":{"start":{"line":42,"column":4},"end":{"line":42,"column":null}},"19":{"start":{"line":45,"column":2},"end":{"line":45,"column":null}},"20":{"start":{"line":51,"column":2},"end":{"line":53,"column":null}},"21":{"start":{"line":52,"column":4},"end":{"line":52,"column":null}},"22":{"start":{"line":55,"column":19},"end":{"line":64,"column":4}},"23":{"start":{"line":66,"column":2},"end":{"line":66,"column":null}},"24":{"start":{"line":70,"column":30},"end":{"line":136,"column":1}},"25":{"start":{"line":139,"column":26},"end":{"line":160,"column":1}},"26":{"start":{"line":141,"column":4},"end":{"line":141,"column":null}},"27":{"start":{"line":146,"column":4},"end":{"line":146,"column":null}},"28":{"start":{"line":150,"column":4},"end":{"line":150,"column":null}},"29":{"start":{"line":154,"column":4},"end":{"line":154,"column":null}},"30":{"start":{"line":158,"column":4},"end":{"line":158,"column":null}}},"fnMap":{"0":{"name":"handleProductionQuery","decl":{"start":{"line":11,"column":16},"end":{"line":11,"column":37}},"loc":{"start":{"line":11,"column":56},"end":{"line":46,"column":null}},"line":11},"1":{"name":"(anonymous_1)","decl":{"start":{"line":13,"column":34},"end":{"line":13,"column":35}},"loc":{"start":{"line":13,"column":39},"end":{"line":13,"column":95}},"line":13},"2":{"name":"(anonymous_2)","decl":{"start":{"line":18,"column":38},"end":{"line":18,"column":39}},"loc":{"start":{"line":19,"column":6},"end":{"line":19,"column":null}},"line":19},"3":{"name":"(anonymous_3)","decl":{"start":{"line":25,"column":34},"end":{"line":25,"column":35}},"loc":{"start":{"line":25,"column":39},"end":{"line":25,"column":105}},"line":25},"4":{"name":"(anonymous_4)","decl":{"start":{"line":40,"column":14},"end":{"line":40,"column":15}},"loc":{"start":{"line":40,"column":19},"end":{"line":40,"column":44}},"line":40},"5":{"name":"graphqlRequest","decl":{"start":{"line":49,"column":15},"end":{"line":49,"column":29}},"loc":{"start":{"line":49,"column":53},"end":{"line":67,"column":null}},"line":49},"6":{"name":"(anonymous_6)","decl":{"start":{"line":140,"column":8},"end":{"line":140,"column":13}},"loc":{"start":{"line":140,"column":38},"end":{"line":142,"column":3}},"line":140},"7":{"name":"(anonymous_7)","decl":{"start":{"line":145,"column":8},"end":{"line":145,"column":23}},"loc":{"start":{"line":145,"column":28},"end":{"line":147,"column":3}},"line":145},"8":{"name":"(anonymous_8)","decl":{"start":{"line":149,"column":8},"end":{"line":149,"column":25}},"loc":{"start":{"line":149,"column":37},"end":{"line":151,"column":3}},"line":149},"9":{"name":"(anonymous_9)","decl":{"start":{"line":153,"column":8},"end":{"line":153,"column":20}},"loc":{"start":{"line":153,"column":30},"end":{"line":155,"column":3}},"line":153},"10":{"name":"(anonymous_10)","decl":{"start":{"line":157,"column":8},"end":{"line":157,"column":25}},"loc":{"start":{"line":157,"column":28},"end":{"line":159,"column":null}},"line":157}},"branchMap":{"0":{"loc":{"start":{"line":12,"column":2},"end":{"line":15,"column":null}},"type":"if","locations":[{"start":{"line":12,"column":2},"end":{"line":15,"column":null}},{"start":{},"end":{}}],"line":12},"1":{"loc":{"start":{"line":13,"column":39},"end":{"line":13,"column":95}},"type":"binary-expr","locations":[{"start":{"line":13,"column":39},"end":{"line":13,"column":60}},{"start":{"line":13,"column":64},"end":{"line":13,"column":95}}],"line":13},"2":{"loc":{"start":{"line":14,"column":28},"end":{"line":14,"column":41}},"type":"binary-expr","locations":[{"start":{"line":14,"column":28},"end":{"line":14,"column":33}},{"start":{"line":14,"column":37},"end":{"line":14,"column":41}}],"line":14},"3":{"loc":{"start":{"line":17,"column":2},"end":{"line":22,"column":null}},"type":"if","locations":[{"start":{"line":17,"column":2},"end":{"line":22,"column":null}},{"start":{},"end":{}}],"line":17},"4":{"loc":{"start":{"line":24,"column":2},"end":{"line":35,"column":null}},"type":"if","locations":[{"start":{"line":24,"column":2},"end":{"line":35,"column":null}},{"start":{},"end":{}}],"line":24},"5":{"loc":{"start":{"line":25,"column":39},"end":{"line":25,"column":105}},"type":"binary-expr","locations":[{"start":{"line":25,"column":39},"end":{"line":25,"column":65}},{"start":{"line":25,"column":69},"end":{"line":25,"column":105}}],"line":25},"6":{"loc":{"start":{"line":29,"column":17},"end":{"line":29,"column":53}},"type":"cond-expr","locations":[{"start":{"line":29,"column":25},"end":{"line":29,"column":49}},{"start":{"line":29,"column":52},"end":{"line":29,"column":53}}],"line":29},"7":{"loc":{"start":{"line":30,"column":26},"end":{"line":30,"column":58}},"type":"cond-expr","locations":[{"start":{"line":30,"column":34},"end":{"line":30,"column":54}},{"start":{"line":30,"column":57},"end":{"line":30,"column":58}}],"line":30},"8":{"loc":{"start":{"line":37,"column":2},"end":{"line":43,"column":null}},"type":"if","locations":[{"start":{"line":37,"column":2},"end":{"line":43,"column":null}},{"start":{},"end":{}}],"line":37},"9":{"loc":{"start":{"line":49,"column":37},"end":{"line":49,"column":51}},"type":"default-arg","locations":[{"start":{"line":49,"column":49},"end":{"line":49,"column":51}}],"line":49},"10":{"loc":{"start":{"line":51,"column":2},"end":{"line":53,"column":null}},"type":"if","locations":[{"start":{"line":51,"column":2},"end":{"line":53,"column":null}},{"start":{},"end":{}}],"line":51}},"s":{"0":1,"1":1,"2":19,"3":5,"4":26,"5":5,"6":14,"7":5,"8":40,"9":5,"10":9,"11":3,"12":17,"13":3,"14":6,"15":3,"16":3,"17":24,"18":3,"19":3,"20":29,"21":0,"22":29,"23":24,"24":1,"25":1,"26":6,"27":8,"28":5,"29":5,"30":5},"f":{"0":19,"1":26,"2":40,"3":17,"4":24,"5":29,"6":6,"7":8,"8":5,"9":5,"10":5},"b":{"0":[5,14],"1":[26,24],"2":[5,3],"3":[5,9],"4":[3,6],"5":[17,16],"6":[1,2],"7":[1,2],"8":[3,3],"9":[29],"10":[0,29]},"meta":{"lastBranch":11,"lastFunction":11,"lastStatement":31,"seen":{"s:7:25:7:35":0,"s:8:22:8:42":1,"f:11:16:11:37":0,"b:12:2:15:Infinity:undefined:undefined:undefined:undefined":0,"s:12:2:15:Infinity":2,"s:13:18:13:96":3,"f:13:34:13:35":1,"s:13:39:13:95":4,"b:13:39:13:60:13:64:13:95":1,"s:14:4:14:Infinity":5,"b:14:28:14:33:14:37:14:41":2,"b:17:2:22:Infinity:undefined:undefined:undefined:undefined":3,"s:17:2:22:Infinity":6,"s:18:20:20:5":7,"f:18:38:18:39":2,"s:19:6:19:Infinity":8,"s:21:4:21:Infinity":9,"b:24:2:35:Infinity:undefined:undefined:undefined:undefined":4,"s:24:2:35:Infinity":10,"s:25:18:25:106":11,"f:25:34:25:35":3,"s:25:39:25:105":12,"b:25:39:25:65:25:69:25:105":5,"s:26:4:34:Infinity":13,"b:29:25:29:49:29:52:29:53":6,"b:30:34:30:54:30:57:30:58":7,"b:37:2:43:Infinity:undefined:undefined:undefined:undefined":8,"s:37:2:43:Infinity":14,"s:38:18:38:28":15,"s:39:21:41:18":16,"f:40:14:40:15":4,"s:40:19:40:44":17,"s:42:4:42:Infinity":18,"s:45:2:45:Infinity":19,"f:49:15:49:29":5,"b:49:49:49:51":9,"b:51:2:53:Infinity:undefined:undefined:undefined:undefined":10,"s:51:2:53:Infinity":20,"s:52:4:52:Infinity":21,"s:55:19:64:4":22,"s:66:2:66:Infinity":23,"s:70:30:136:1":24,"s:139:26:160:1":25,"f:140:8:140:13":6,"s:141:4:141:Infinity":26,"f:145:8:145:23":7,"s:146:4:146:Infinity":27,"f:149:8:149:25":8,"s:150:4:150:Infinity":28,"f:153:8:153:20":9,"s:154:4:154:Infinity":29,"f:157:8:157:25":10,"s:158:4:158:Infinity":30}}}
,"/Users/rodrigosanchez/Library/Mobile Documents/com~apple~CloudDocs/DUOC/DESARROLLO FRONTEND II_001A/Semana 5/eventos-react-vite-rest-graphql/src/services/restApi.js": {"path":"/Users/rodrigosanchez/Library/Mobile Documents/com~apple~CloudDocs/DUOC/DESARROLLO FRONTEND II_001A/Semana 5/eventos-react-vite-rest-graphql/src/services/restApi.js","statementMap":{"0":{"start":{"line":7,"column":21},"end":{"line":7,"column":27}},"1":{"start":{"line":8,"column":22},"end":{"line":8,"column":42}},"2":{"start":{"line":11,"column":33},"end":{"line":86,"column":1}},"3":{"start":{"line":12,"column":30},"end":{"line":16,"column":3}},"4":{"start":{"line":19,"column":18},"end":{"line":19,"column":99}},"5":{"start":{"line":19,"column":39},"end":{"line":19,"column":98}},"6":{"start":{"line":20,"column":4},"end":{"line":22,"column":null}},"7":{"start":{"line":26,"column":21},"end":{"line":26,"column":68}},"8":{"start":{"line":26,"column":44},"end":{"line":26,"column":67}},"9":{"start":{"line":27,"column":4},"end":{"line":31,"column":null}},"10":{"start":{"line":35,"column":23},"end":{"line":35,"column":42}},"11":{"start":{"line":36,"column":20},"end":{"line":41,"column":5}},"12":{"start":{"line":37,"column":6},"end":{"line":40,"column":null}},"13":{"start":{"line":42,"column":4},"end":{"line":46,"column":null}},"14":{"start":{"line":50,"column":21},"end":{"line":53,"column":5}},"15":{"start":{"line":54,"column":4},"end":{"line":58,"column":null}},"16":{"start":{"line":62,"column":23},"end":{"line":62,"column":68}},"17":{"start":{"line":62,"column":55},"end":{"line":62,"column":65}},"18":{"start":{"line":63,"column":4},"end":{"line":67,"column":null}},"19":{"start":{"line":71,"column":19},"end":{"line":71,"column":29}},"20":{"start":{"line":72,"column":23},"end":{"line":72,"column":64}},"21":{"start":{"line":72,"column":51},"end":{"line":72,"column":61}},"22":{"start":{"line":73,"column":23},"end":{"line":73,"column":75}},"23":{"start":{"line":73,"column":49},"end":{"line":73,"column":71}},"24":{"start":{"line":74,"column":25},"end":{"line":74,"column":84}},"25":{"start":{"line":74,"column":51},"end":{"line":74,"column":64}},"26":{"start":{"line":76,"column":4},"end":{"line":84,"column":null}},"27":{"start":{"line":88,"column":23},"end":{"line":167,"column":1}},"28":{"start":{"line":91,"column":4},"end":{"line":93,"column":null}},"29":{"start":{"line":92,"column":6},"end":{"line":92,"column":null}},"30":{"start":{"line":94,"column":21},"end":{"line":94,"column":58}},"31":{"start":{"line":95,"column":4},"end":{"line":95,"column":null}},"32":{"start":{"line":100,"column":4},"end":{"line":102,"column":null}},"33":{"start":{"line":101,"column":6},"end":{"line":101,"column":null}},"34":{"start":{"line":103,"column":21},"end":{"line":103,"column":64}},"35":{"start":{"line":104,"column":4},"end":{"line":104,"column":null}},"36":{"start":{"line":109,"column":4},"end":{"line":111,"column":null}},"37":{"start":{"line":110,"column":6},"end":{"line":110,"column":null}},"38":{"start":{"line":112,"column":21},"end":{"line":112,"column":79}},"39":{"start":{"line":113,"column":4},"end":{"line":113,"column":null}},"40":{"start":{"line":118,"column":4},"end":{"line":120,"column":null}},"41":{"start":{"line":119,"column":6},"end":{"line":119,"column":null}},"42":{"start":{"line":121,"column":21},"end":{"line":121,"column":89}},"43":{"start":{"line":122,"column":4},"end":{"line":122,"column":null}},"44":{"start":{"line":127,"column":4},"end":{"line":129,"column":null}},"45":{"start":{"line":128,"column":6},"end":{"line":128,"column":null}},"46":{"start":{"line":130,"column":21},"end":{"line":136,"column":6}},"47":{"start":{"line":137,"column":4},"end":{"line":137,"column":null}},"48":{"start":{"line":142,"column":4},"end":{"line":144,"column":null}},"49":{"start":{"line":143,"column":6},"end":{"line":143,"column":null}},"50":{"start":{"line":145,"column":21},"end":{"line":145,"column":58}},"51":{"start":{"line":146,"column":17},"end":{"line":146,"column":38}},"52":{"start":{"line":148,"column":4},"end":{"line":155,"column":null}},"53":{"start":{"line":149,"column":25},"end":{"line":149,"column":69}},"54":{"start":{"line":149,"column":56},"end":{"line":149,"column":66}},"55":{"start":{"line":150,"column":6},"end":{"line":154,"column":null}},"56":{"start":{"line":156,"column":4},"end":{"line":156,"column":null}},"57":{"start":{"line":161,"column":4},"end":{"line":163,"column":null}},"58":{"start":{"line":162,"column":6},"end":{"line":162,"column":null}},"59":{"start":{"line":164,"column":21},"end":{"line":164,"column":57}},"60":{"start":{"line":165,"column":4},"end":{"line":165,"column":null}}},"fnMap":{"0":{"name":"(anonymous_0)","decl":{"start":{"line":12,"column":23},"end":{"line":12,"column":24}},"loc":{"start":{"line":12,"column":30},"end":{"line":16,"column":3}},"line":12},"1":{"name":"(anonymous_1)","decl":{"start":{"line":18,"column":26},"end":{"line":18,"column":27}},"loc":{"start":{"line":18,"column":34},"end":{"line":23,"column":3}},"line":18},"2":{"name":"(anonymous_2)","decl":{"start":{"line":19,"column":34},"end":{"line":19,"column":35}},"loc":{"start":{"line":19,"column":39},"end":{"line":19,"column":98}},"line":19},"3":{"name":"(anonymous_3)","decl":{"start":{"line":25,"column":33},"end":{"line":25,"column":34}},"loc":{"start":{"line":25,"column":47},"end":{"line":32,"column":3}},"line":25},"4":{"name":"(anonymous_4)","decl":{"start":{"line":26,"column":39},"end":{"line":26,"column":40}},"loc":{"start":{"line":26,"column":44},"end":{"line":26,"column":67}},"line":26},"5":{"name":"(anonymous_5)","decl":{"start":{"line":34,"column":26},"end":{"line":34,"column":27}},"loc":{"start":{"line":34,"column":37},"end":{"line":47,"column":3}},"line":34},"6":{"name":"(anonymous_6)","decl":{"start":{"line":36,"column":38},"end":{"line":36,"column":43}},"loc":{"start":{"line":37,"column":6},"end":{"line":40,"column":null}},"line":37},"7":{"name":"(anonymous_7)","decl":{"start":{"line":49,"column":25},"end":{"line":49,"column":26}},"loc":{"start":{"line":49,"column":40},"end":{"line":59,"column":3}},"line":49},"8":{"name":"(anonymous_8)","decl":{"start":{"line":61,"column":27},"end":{"line":61,"column":28}},"loc":{"start":{"line":61,"column":33},"end":{"line":68,"column":3}},"line":61},"9":{"name":"(anonymous_9)","decl":{"start":{"line":62,"column":50},"end":{"line":62,"column":51}},"loc":{"start":{"line":62,"column":55},"end":{"line":62,"column":65}},"line":62},"10":{"name":"(anonymous_10)","decl":{"start":{"line":70,"column":22},"end":{"line":70,"column":23}},"loc":{"start":{"line":70,"column":28},"end":{"line":85,"column":null}},"line":70},"11":{"name":"(anonymous_11)","decl":{"start":{"line":72,"column":46},"end":{"line":72,"column":47}},"loc":{"start":{"line":72,"column":51},"end":{"line":72,"column":61}},"line":72},"12":{"name":"(anonymous_12)","decl":{"start":{"line":73,"column":37},"end":{"line":73,"column":38}},"loc":{"start":{"line":73,"column":49},"end":{"line":73,"column":71}},"line":73},"13":{"name":"(anonymous_13)","decl":{"start":{"line":74,"column":39},"end":{"line":74,"column":40}},"loc":{"start":{"line":74,"column":51},"end":{"line":74,"column":64}},"line":74},"14":{"name":"(anonymous_14)","decl":{"start":{"line":90,"column":8},"end":{"line":90,"column":17}},"loc":{"start":{"line":90,"column":20},"end":{"line":96,"column":3}},"line":90},"15":{"name":"(anonymous_15)","decl":{"start":{"line":99,"column":8},"end":{"line":99,"column":20}},"loc":{"start":{"line":99,"column":25},"end":{"line":105,"column":3}},"line":99},"16":{"name":"(anonymous_16)","decl":{"start":{"line":108,"column":8},"end":{"line":108,"column":27}},"loc":{"start":{"line":108,"column":38},"end":{"line":114,"column":3}},"line":108},"17":{"name":"(anonymous_17)","decl":{"start":{"line":117,"column":8},"end":{"line":117,"column":20}},"loc":{"start":{"line":117,"column":28},"end":{"line":123,"column":3}},"line":117},"18":{"name":"(anonymous_18)","decl":{"start":{"line":126,"column":8},"end":{"line":126,"column":19}},"loc":{"start":{"line":126,"column":31},"end":{"line":138,"column":3}},"line":126},"19":{"name":"(anonymous_19)","decl":{"start":{"line":141,"column":8},"end":{"line":141,"column":21}},"loc":{"start":{"line":141,"column":24},"end":{"line":157,"column":3}},"line":141},"20":{"name":"(anonymous_20)","decl":{"start":{"line":149,"column":51},"end":{"line":149,"column":52}},"loc":{"start":{"line":149,"column":56},"end":{"line":149,"column":66}},"line":149},"21":{"name":"(anonymous_21)","decl":{"start":{"line":160,"column":8},"end":{"line":160,"column":16}},"loc":{"start":{"line":160,"column":19},"end":{"line":166,"column":null}},"line":160}},"branchMap":{"0":{"loc":{"start":{"line":19,"column":39},"end":{"line":19,"column":98}},"type":"binary-expr","locations":[{"start":{"line":19,"column":39},"end":{"line":19,"column":50}},{"start":{"line":19,"column":54},"end":{"line":19,"column":73}},{"start":{"line":19,"column":77},"end":{"line":19,"column":98}}],"line":19},"1":{"loc":{"start":{"line":20,"column":11},"end":{"line":22,"column":59}},"type":"cond-expr","locations":[{"start":{"line":21,"column":8},"end":{"line":21,"column":null}},{"start":{"line":22,"column":8},"end":{"line":22,"column":59}}],"line":20},"2":{"loc":{"start":{"line":37,"column":6},"end":{"line":40,"column":null}},"type":"binary-expr","locations":[{"start":{"line":37,"column":6},"end":{"line":37,"column":52}},{"start":{"line":38,"column":6},"end":{"line":38,"column":58}},{"start":{"line":39,"column":6},"end":{"line":39,"column":55}},{"start":{"line":40,"column":6},"end":{"line":40,"column":null}}],"line":37},"3":{"loc":{"start":{"line":91,"column":4},"end":{"line":93,"column":null}},"type":"if","locations":[{"start":{"line":91,"column":4},"end":{"line":93,"column":null}},{"start":{},"end":{}}],"line":91},"4":{"loc":{"start":{"line":100,"column":4},"end":{"line":102,"column":null}},"type":"if","locations":[{"start":{"line":100,"column":4},"end":{"line":102,"column":null}},{"start":{},"end":{}}],"line":100},"5":{"loc":{"start":{"line":109,"column":4},"end":{"line":111,"column":null}},"type":"if","locations":[{"start":{"line":109,"column":4},"end":{"line":111,"column":null}},{"start":{},"end":{}}],"line":109},"6":{"loc":{"start":{"line":118,"column":4},"end":{"line":120,"column":null}},"type":"if","locations":[{"start":{"line":118,"column":4},"end":{"line":120,"column":null}},{"start":{},"end":{}}],"line":118},"7":{"loc":{"start":{"line":127,"column":4},"end":{"line":129,"column":null}},"type":"if","locations":[{"start":{"line":127,"column":4},"end":{"line":129,"column":null}},{"start":{},"end":{}}],"line":127},"8":{"loc":{"start":{"line":142,"column":4},"end":{"line":144,"column":null}},"type":"if","locations":[{"start":{"line":142,"column":4},"end":{"line":144,"column":null}},{"start":{},"end":{}}],"line":142},"9":{"loc":{"start":{"line":148,"column":4},"end":{"line":155,"column":null}},"type":"if","locations":[{"start":{"line":148,"column":4},"end":{"line":155,"column":null}},{"start":{},"end":{}}],"line":148},"10":{"loc":{"start":{"line":161,"column":4},"end":{"line":163,"column":null}},"type":"if","locations":[{"start":{"line":161,"column":4},"end":{"line":163,"column":null}},{"start":{},"end":{}}],"line":161}},"s":{"0":1,"1":1,"2":1,"3":5,"4":4,"5":18,"6":4,"7":3,"8":24,"9":3,"10":5,"11":5,"12":40,"13":5,"14":3,"15":3,"16":3,"17":24,"18":3,"19":6,"20":6,"21":48,"22":6,"23":48,"24":6,"25":48,"26":6,"27":1,"28":4,"29":0,"30":4,"31":3,"32":5,"33":0,"34":5,"35":4,"36":4,"37":0,"38":4,"39":3,"40":6,"41":0,"42":6,"43":5,"44":4,"45":0,"46":4,"47":3,"48":5,"49":0,"50":5,"51":4,"52":4,"53":3,"54":6,"55":3,"56":1,"57":4,"58":0,"59":4,"60":3},"f":{"0":5,"1":4,"2":18,"3":3,"4":24,"5":5,"6":40,"7":3,"8":3,"9":24,"10":6,"11":48,"12":48,"13":48,"14":4,"15":5,"16":4,"17":6,"18":4,"19":5,"20":6,"21":4},"b":{"0":[18,17,16],"1":[2,2],"2":[40,37,35,34],"3":[0,4],"4":[0,5],"5":[0,4],"6":[0,6],"7":[0,4],"8":[0,5],"9":[3,1],"10":[0,4]},"meta":{"lastBranch":11,"lastFunction":22,"lastStatement":61,"seen":{"s:7:21:7:27":0,"s:8:22:8:42":1,"s:11:33:86:1":2,"f:12:23:12:24":0,"s:12:30:16:3":3,"f:18:26:18:27":1,"s:19:18:19:99":4,"f:19:34:19:35":2,"s:19:39:19:98":5,"b:19:39:19:50:19:54:19:73:19:77:19:98":0,"s:20:4:22:Infinity":6,"b:21:8:21:Infinity:22:8:22:59":1,"f:25:33:25:34":3,"s:26:21:26:68":7,"f:26:39:26:40":4,"s:26:44:26:67":8,"s:27:4:31:Infinity":9,"f:34:26:34:27":5,"s:35:23:35:42":10,"s:36:20:41:5":11,"f:36:38:36:43":6,"s:37:6:40:Infinity":12,"b:37:6:37:52:38:6:38:58:39:6:39:55:40:6:40:Infinity":2,"s:42:4:46:Infinity":13,"f:49:25:49:26":7,"s:50:21:53:5":14,"s:54:4:58:Infinity":15,"f:61:27:61:28":8,"s:62:23:62:68":16,"f:62:50:62:51":9,"s:62:55:62:65":17,"s:63:4:67:Infinity":18,"f:70:22:70:23":10,"s:71:19:71:29":19,"s:72:23:72:64":20,"f:72:46:72:47":11,"s:72:51:72:61":21,"s:73:23:73:75":22,"f:73:37:73:38":12,"s:73:49:73:71":23,"s:74:25:74:84":24,"f:74:39:74:40":13,"s:74:51:74:64":25,"s:76:4:84:Infinity":26,"s:88:23:167:1":27,"f:90:8:90:17":14,"b:91:4:93:Infinity:undefined:undefined:undefined:undefined":3,"s:91:4:93:Infinity":28,"s:92:6:92:Infinity":29,"s:94:21:94:58":30,"s:95:4:95:Infinity":31,"f:99:8:99:20":15,"b:100:4:102:Infinity:undefined:undefined:undefined:undefined":4,"s:100:4:102:Infinity":32,"s:101:6:101:Infinity":33,"s:103:21:103:64":34,"s:104:4:104:Infinity":35,"f:108:8:108:27":16,"b:109:4:111:Infinity:undefined:undefined:undefined:undefined":5,"s:109:4:111:Infinity":36,"s:110:6:110:Infinity":37,"s:112:21:112:79":38,"s:113:4:113:Infinity":39,"f:117:8:117:20":17,"b:118:4:120:Infinity:undefined:undefined:undefined:undefined":6,"s:118:4:120:Infinity":40,"s:119:6:119:Infinity":41,"s:121:21:121:89":42,"s:122:4:122:Infinity":43,"f:126:8:126:19":18,"b:127:4:129:Infinity:undefined:undefined:undefined:undefined":7,"s:127:4:129:Infinity":44,"s:128:6:128:Infinity":45,"s:130:21:136:6":46,"s:137:4:137:Infinity":47,"f:141:8:141:21":19,"b:142:4:144:Infinity:undefined:undefined:undefined:undefined":8,"s:142:4:144:Infinity":48,"s:143:6:143:Infinity":49,"s:145:21:145:58":50,"s:146:17:146:38":51,"b:148:4:155:Infinity:undefined:undefined:undefined:undefined":9,"s:148:4:155:Infinity":52,"s:149:25:149:69":53,"f:149:51:149:52":20,"s:149:56:149:66":54,"s:150:6:154:Infinity":55,"s:156:4:156:Infinity":56,"f:160:8:160:16":21,"b:161:4:163:Infinity:undefined:undefined:undefined:undefined":10,"s:161:4:163:Infinity":57,"s:162:6:162:Infinity":58,"s:164:21:164:57":59,"s:165:4:165:Infinity":60}}}
}
