TN:
SF:src/components/events/EventCard.jsx
FN:4,(anonymous_0)
FN:7,(anonymous_1)
FN:12,(anonymous_2)
FN:18,(anonymous_3)
FNF:4
FNH:4
FNDA:10,(anonymous_0)
FNDA:10,(anonymous_1)
FNDA:1,(anonymous_2)
FNDA:10,(anonymous_3)
DA:4,2
DA:5,10
DA:7,10
DA:8,10
DA:9,10
DA:12,10
DA:13,1
DA:14,1
DA:15,1
DA:18,10
DA:19,10
DA:25,10
LF:12
LH:12
BRF:0
BRH:0
end_of_record
TN:
SF:src/components/layout/Footer.jsx
FN:3,(anonymous_0)
FN:61,(anonymous_1)
FN:65,(anonymous_2)
FNF:3
FNH:3
FNDA:18,(anonymous_0)
FNDA:54,(anonymous_1)
FNDA:162,(anonymous_2)
DA:3,1
DA:4,18
DA:6,18
DA:24,18
DA:62,54
DA:66,162
LF:6
LH:6
BRF:0
BRH:0
end_of_record
TN:
SF:src/components/layout/Navbar.jsx
FN:4,(anonymous_0)
FN:32,(anonymous_1)
FN:44,(anonymous_2)
FN:51,(anonymous_3)
FN:56,(anonymous_4)
FN:67,(anonymous_5)
FN:73,(anonymous_6)
FN:80,(anonymous_7)
FN:90,(anonymous_8)
FN:91,(anonymous_9)
FN:98,(anonymous_10)
FN:117,(anonymous_11)
FN:131,(anonymous_12)
FN:154,(anonymous_13)
FN:167,(anonymous_14)
FN:187,(anonymous_15)
FN:191,(anonymous_16)
FN:200,(anonymous_17)
FN:216,(anonymous_18)
FN:242,(anonymous_19)
FN:253,(anonymous_20)
FN:256,(anonymous_21)
FN:274,(anonymous_22)
FN:277,(anonymous_23)
FNF:24
FNH:15
FNDA:30,(anonymous_0)
FNDA:2,(anonymous_1)
FNDA:2,(anonymous_2)
FNDA:0,(anonymous_3)
FNDA:0,(anonymous_4)
FNDA:1,(anonymous_5)
FNDA:1,(anonymous_6)
FNDA:0,(anonymous_7)
FNDA:18,(anonymous_8)
FNDA:0,(anonymous_9)
FNDA:18,(anonymous_10)
FNDA:120,(anonymous_11)
FNDA:5,(anonymous_12)
FNDA:0,(anonymous_13)
FNDA:2,(anonymous_14)
FNDA:8,(anonymous_15)
FNDA:1,(anonymous_16)
FNDA:0,(anonymous_17)
FNDA:0,(anonymous_18)
FNDA:1,(anonymous_19)
FNDA:56,(anonymous_20)
FNDA:1,(anonymous_21)
FNDA:0,(anonymous_22)
FNDA:0,(anonymous_23)
DA:4,1
DA:5,30
DA:6,30
DA:7,30
DA:8,30
DA:9,30
DA:10,30
DA:11,30
DA:13,30
DA:20,30
DA:32,30
DA:33,2
DA:34,2
DA:35,2
DA:36,2
DA:38,0
DA:39,0
DA:44,30
DA:45,2
DA:47,2
DA:50,2
DA:51,1
DA:55,2
DA:56,1
DA:57,0
DA:63,2
DA:67,30
DA:68,1
DA:69,1
DA:73,30
DA:74,1
DA:75,1
DA:76,1
DA:80,30
DA:81,0
DA:82,0
DA:83,0
DA:84,0
DA:85,0
DA:86,0
DA:90,30
DA:91,18
DA:92,0
DA:93,0
DA:97,18
DA:98,18
DA:101,30
DA:118,120
DA:131,5
DA:154,0
DA:167,2
DA:188,8
DA:191,1
DA:200,0
DA:216,0
DA:242,1
DA:254,56
DA:256,1
DA:275,0
DA:277,0
LF:60
LH:44
BRDA:50,0,0,1
BRDA:50,0,1,1
BRDA:50,1,0,2
BRDA:50,1,1,1
BRDA:55,2,0,1
BRDA:55,2,1,1
BRDA:57,3,0,0
BRDA:57,3,1,0
BRDA:57,3,2,0
BRDA:92,4,0,0
BRDA:92,4,1,0
BRDA:92,5,0,0
BRDA:92,5,1,0
BRDA:170,6,0,2
BRDA:170,6,1,28
BRDA:184,7,0,30
BRDA:184,7,1,2
BRDA:211,8,0,30
BRDA:211,8,1,7
BRDA:258,9,0,7
BRDA:258,9,1,49
BRDA:258,10,0,56
BRDA:258,10,1,55
BRDA:258,10,2,7
BRDA:271,11,0,2
BRDA:271,11,1,5
BRDA:271,12,0,7
BRDA:271,12,1,6
BRDA:272,13,0,0
BRDA:272,13,1,2
BRF:30
BRH:22
end_of_record
TN:
SF:src/components/ui/EmptyState.jsx
FN:1,(anonymous_0)
FNF:1
FNH:1
FNDA:8,(anonymous_0)
DA:1,1
DA:7,8
LF:2
LH:2
BRDA:2,0,0,8
BRDA:3,1,0,8
BRDA:35,2,0,8
BRDA:35,2,1,2
BRDA:35,2,2,2
BRF:5
BRH:5
end_of_record
TN:
SF:src/components/ui/ErrorMessage.jsx
FN:1,(anonymous_0)
FNF:1
FNH:1
FNDA:8,(anonymous_0)
DA:1,2
DA:2,8
LF:2
LH:2
BRDA:25,0,0,8
BRDA:25,0,1,6
BRDA:27,1,0,8
BRDA:27,1,1,3
BRF:4
BRH:4
end_of_record
TN:
SF:src/components/ui/LoadingSpinner.jsx
FN:1,(anonymous_0)
FNF:1
FNH:1
FNDA:14,(anonymous_0)
DA:1,2
DA:2,14
DA:8,14
DA:14,14
LF:4
LH:4
BRDA:1,0,0,14
BRDA:1,1,0,14
BRDA:29,2,0,14
BRDA:29,2,1,13
BRF:4
BRH:4
end_of_record
TN:
SF:src/context/CartContext.jsx
FN:7,(anonymous_0)
FN:15,(anonymous_1)
FN:16,(anonymous_2)
FN:25,(anonymous_3)
FN:29,(anonymous_4)
FN:30,(anonymous_5)
FN:31,(anonymous_6)
FN:34,(anonymous_7)
FN:46,(anonymous_8)
FN:47,(anonymous_9)
FN:47,(anonymous_10)
FN:50,(anonymous_11)
FN:56,(anonymous_12)
FN:57,(anonymous_13)
FN:63,(anonymous_14)
FN:67,(anonymous_15)
FN:68,(anonymous_16)
FN:71,(anonymous_17)
FN:72,(anonymous_18)
FN:75,(anonymous_19)
FNF:20
FNH:20
FNDA:43,(anonymous_0)
FNDA:90,(anonymous_1)
FNDA:71,(anonymous_2)
FNDA:88,(anonymous_3)
FNDA:13,(anonymous_4)
FNDA:13,(anonymous_5)
FNDA:3,(anonymous_6)
FNDA:3,(anonymous_7)
FNDA:2,(anonymous_8)
FNDA:2,(anonymous_9)
FNDA:2,(anonymous_10)
FNDA:2,(anonymous_11)
FNDA:1,(anonymous_12)
FNDA:1,(anonymous_13)
FNDA:1,(anonymous_14)
FNDA:27,(anonymous_15)
FNDA:13,(anonymous_16)
FNDA:30,(anonymous_17)
FNDA:14,(anonymous_18)
FNDA:2,(anonymous_19)
DA:3,6
DA:7,6
DA:8,43
DA:9,43
DA:10,2
DA:12,40
DA:15,6
DA:16,90
DA:18,71
DA:19,71
DA:22,90
DA:25,90
DA:26,88
DA:29,90
DA:30,13
DA:31,13
DA:33,13
DA:34,3
DA:35,3
DA:41,10
DA:43,13
DA:46,90
DA:47,2
DA:50,90
DA:51,2
DA:52,1
DA:53,1
DA:56,1
DA:57,1
DA:58,1
DA:63,90
DA:64,1
DA:67,90
DA:68,27
DA:71,90
DA:72,30
DA:75,90
DA:76,2
DA:79,90
DA:92,90
LF:40
LH:40
BRDA:9,0,0,2
BRDA:9,0,1,41
BRDA:19,1,0,55
BRDA:19,1,1,16
BRDA:29,2,0,13
BRDA:33,3,0,3
BRDA:33,3,1,10
BRDA:35,4,0,3
BRDA:35,4,1,0
BRDA:51,5,0,1
BRDA:51,5,1,1
BRDA:58,6,0,1
BRDA:58,6,1,0
BRF:13
BRH:11
end_of_record
TN:
SF:src/pages/About.jsx
FN:1,(anonymous_0)
FN:80,(anonymous_1)
FNF:2
FNH:2
FNDA:7,(anonymous_0)
FNDA:35,(anonymous_1)
DA:1,1
DA:2,7
DA:81,35
LF:3
LH:3
BRF:0
BRH:0
end_of_record
TN:
SF:src/pages/Home.jsx
FN:8,(anonymous_0)
FN:14,(anonymous_1)
FN:18,(anonymous_2)
FN:220,(anonymous_3)
FNF:4
FNH:4
FNDA:13,(anonymous_0)
FNDA:7,(anonymous_1)
FNDA:7,(anonymous_2)
FNDA:9,(anonymous_3)
DA:8,1
DA:9,13
DA:10,13
DA:11,13
DA:12,13
DA:14,13
DA:15,7
DA:18,13
DA:19,7
DA:20,7
DA:21,7
DA:23,7
DA:28,5
DA:30,5
DA:33,5
DA:34,5
DA:37,1
DA:39,6
DA:43,13
DA:44,7
DA:47,6
DA:48,1
DA:51,5
DA:222,9
DA:231,9
LF:25
LH:25
BRDA:28,0,0,5
BRDA:28,0,1,0
BRDA:33,1,0,5
BRDA:33,1,1,0
BRDA:43,2,0,7
BRDA:43,2,1,6
BRDA:47,3,0,1
BRDA:47,3,1,5
BRDA:93,4,0,5
BRDA:93,4,1,5
BRF:10
BRH:8
end_of_record
TN:
SF:src/services/graphqlApi.js
FN:11,handleProductionQuery
FN:13,(anonymous_1)
FN:18,(anonymous_2)
FN:25,(anonymous_3)
FN:40,(anonymous_4)
FN:49,graphqlRequest
FN:140,(anonymous_6)
FN:145,(anonymous_7)
FN:149,(anonymous_8)
FN:153,(anonymous_9)
FN:157,(anonymous_10)
FNF:11
FNH:11
FNDA:19,handleProductionQuery
FNDA:26,(anonymous_1)
FNDA:40,(anonymous_2)
FNDA:17,(anonymous_3)
FNDA:24,(anonymous_4)
FNDA:29,graphqlRequest
FNDA:6,(anonymous_6)
FNDA:8,(anonymous_7)
FNDA:5,(anonymous_8)
FNDA:5,(anonymous_9)
FNDA:5,(anonymous_10)
DA:7,1
DA:8,1
DA:12,19
DA:13,26
DA:14,5
DA:17,14
DA:18,5
DA:19,40
DA:21,5
DA:24,9
DA:25,17
DA:26,3
DA:37,6
DA:38,3
DA:39,3
DA:40,24
DA:42,3
DA:45,3
DA:51,29
DA:52,0
DA:55,29
DA:66,24
DA:70,1
DA:139,1
DA:141,6
DA:146,8
DA:150,5
DA:154,5
DA:158,5
LF:29
LH:28
BRDA:12,0,0,5
BRDA:12,0,1,14
BRDA:13,1,0,26
BRDA:13,1,1,24
BRDA:14,2,0,5
BRDA:14,2,1,3
BRDA:17,3,0,5
BRDA:17,3,1,9
BRDA:24,4,0,3
BRDA:24,4,1,6
BRDA:25,5,0,17
BRDA:25,5,1,16
BRDA:29,6,0,1
BRDA:29,6,1,2
BRDA:30,7,0,1
BRDA:30,7,1,2
BRDA:37,8,0,3
BRDA:37,8,1,3
BRDA:49,9,0,29
BRDA:51,10,0,0
BRDA:51,10,1,29
BRF:21
BRH:20
end_of_record
TN:
SF:src/services/restApi.js
FN:12,(anonymous_0)
FN:18,(anonymous_1)
FN:19,(anonymous_2)
FN:25,(anonymous_3)
FN:26,(anonymous_4)
FN:34,(anonymous_5)
FN:36,(anonymous_6)
FN:49,(anonymous_7)
FN:61,(anonymous_8)
FN:62,(anonymous_9)
FN:70,(anonymous_10)
FN:72,(anonymous_11)
FN:73,(anonymous_12)
FN:74,(anonymous_13)
FN:90,(anonymous_14)
FN:99,(anonymous_15)
FN:108,(anonymous_16)
FN:117,(anonymous_17)
FN:126,(anonymous_18)
FN:141,(anonymous_19)
FN:149,(anonymous_20)
FN:160,(anonymous_21)
FNF:22
FNH:22
FNDA:5,(anonymous_0)
FNDA:4,(anonymous_1)
FNDA:18,(anonymous_2)
FNDA:3,(anonymous_3)
FNDA:24,(anonymous_4)
FNDA:5,(anonymous_5)
FNDA:40,(anonymous_6)
FNDA:3,(anonymous_7)
FNDA:3,(anonymous_8)
FNDA:24,(anonymous_9)
FNDA:6,(anonymous_10)
FNDA:48,(anonymous_11)
FNDA:48,(anonymous_12)
FNDA:48,(anonymous_13)
FNDA:4,(anonymous_14)
FNDA:5,(anonymous_15)
FNDA:4,(anonymous_16)
FNDA:6,(anonymous_17)
FNDA:4,(anonymous_18)
FNDA:5,(anonymous_19)
FNDA:6,(anonymous_20)
FNDA:4,(anonymous_21)
DA:7,1
DA:8,1
DA:11,1
DA:12,5
DA:19,18
DA:20,4
DA:26,24
DA:27,3
DA:35,5
DA:36,5
DA:37,40
DA:42,5
DA:50,3
DA:54,3
DA:62,24
DA:63,3
DA:71,6
DA:72,48
DA:73,48
DA:74,48
DA:76,6
DA:88,1
DA:91,4
DA:92,0
DA:94,4
DA:95,3
DA:100,5
DA:101,0
DA:103,5
DA:104,4
DA:109,4
DA:110,0
DA:112,4
DA:113,3
DA:118,6
DA:119,0
DA:121,6
DA:122,5
DA:127,4
DA:128,0
DA:130,4
DA:137,3
DA:142,5
DA:143,0
DA:145,5
DA:146,4
DA:148,4
DA:149,6
DA:150,3
DA:156,1
DA:161,4
DA:162,0
DA:164,4
DA:165,3
LF:54
LH:47
BRDA:19,0,0,18
BRDA:19,0,1,17
BRDA:19,0,2,16
BRDA:20,1,0,2
BRDA:20,1,1,2
BRDA:37,2,0,40
BRDA:37,2,1,37
BRDA:37,2,2,35
BRDA:37,2,3,34
BRDA:91,3,0,0
BRDA:91,3,1,4
BRDA:100,4,0,0
BRDA:100,4,1,5
BRDA:109,5,0,0
BRDA:109,5,1,4
BRDA:118,6,0,0
BRDA:118,6,1,6
BRDA:127,7,0,0
BRDA:127,7,1,4
BRDA:142,8,0,0
BRDA:142,8,1,5
BRDA:148,9,0,3
BRDA:148,9,1,1
BRDA:161,10,0,0
BRDA:161,10,1,4
BRF:25
BRH:18
end_of_record
